<?xml version="1.0" encoding="UTF-8"?>
<!-- Generated by org.testng.reporters.JUnitXMLReporter -->
<testsuite hostname="DESKTOP-1B5EHLS" ignored="0" name="Default test" tests="3" failures="0" timestamp="2020-10-10T19:24:40 EDT" time="22.796" errors="0">
  <testcase name="login" time="4.363" classname="Using_Array_In_Realtime.UsingTwoDim"/>
  <testcase name="login" time="4.318" classname="Using_Array_In_Realtime.UsingTwoDim"/>
  <testcase name="login" time="4.292" classname="Using_Array_In_Realtime.UsingTwoDim"/>
</testsuite> <!-- Default test -->
