<?xml version="1.0" encoding="UTF-8"?>
<!-- Generated by org.testng.reporters.JUnitXMLReporter -->
<testsuite hostname="DESKTOP-1B5EHLS" ignored="4" name="Test" tests="2" failures="0" timestamp="2020-09-04T17:59:01 EDT" time="0.114" errors="0">
  <testcase name="logingmail" time="0.011" classname="TestNG_FW.Grrr"/>
  <testcase name="logingmail3" time="0.003" classname="TestNG_FW.Grrr"/>
  <testcase name="signhotmail1" time="0.0" classname="TestNG_FW.Grrr">
    <ignored/>
  </testcase> <!-- signhotmail1 -->
  <testcase name="signhotmail" time="0.0" classname="TestNG_FW.Grrr">
    <ignored/>
  </testcase> <!-- signhotmail -->
  <testcase name="login2" time="0.0" classname="TestNG_FW.Grrr">
    <ignored/>
  </testcase> <!-- login2 -->
  <testcase name="login" time="0.0" classname="TestNG_FW.Grrr">
    <ignored/>
  </testcase> <!-- login -->
</testsuite> <!-- Test -->
