<?xml version="1.0" encoding="UTF-8"?>
<!-- Generated by org.testng.reporters.JUnitXMLReporter -->
<testsuite hostname="DESKTOP-1B5EHLS" ignored="4" name="smok" tests="2" failures="0" timestamp="2020-09-05T18:20:49 EDT" time="0.094" errors="0">
  <testcase name="logingmail" time="0.014" classname="TestNG_FW.Grrr"/>
  <testcase name="logingmail3" time="0.002" classname="TestNG_FW.Grrr"/>
  <testcase name="signhotmail1" time="0.0" classname="TestNG_FW.Grrr">
    <ignored/>
  </testcase> <!-- signhotmail1 -->
  <testcase name="signhotmail" time="0.0" classname="TestNG_FW.Grrr">
    <ignored/>
  </testcase> <!-- signhotmail -->
  <testcase name="login2" time="0.0" classname="TestNG_FW.Grrr">
    <ignored/>
  </testcase> <!-- login2 -->
  <testcase name="login" time="0.0" classname="TestNG_FW.Grrr">
    <ignored/>
  </testcase> <!-- login -->
</testsuite> <!-- smok -->
