<?xml version="1.0" encoding="UTF-8"?>
<!-- Generated by org.testng.reporters.JUnitXMLReporter -->
<testsuite hostname="DESKTOP-1B5EHLS" ignored="3" name="all" tests="45" failures="0" timestamp="2020-09-05T21:06:38 EDT" time="34.317" errors="0">
  <testcase name="Yahoo" time="0.007" classname="TestNG_FW.classAnnot"/>
  <testcase name="gmail" time="0.002" classname="TestNG_FW.classAnnot"/>
  <testcase name="hotmail" time="0.006" classname="TestNG_FW.classAnnot"/>
  <testcase name="createAccountMethod" time="0.517" classname="TestNG_FW.CreateAcct"/>
  <testcase name="dadaMiah" time="0.001" classname="TestNG_FW.GroupingTest"/>
  <testcase name="rajibChow" time="0.004" classname="TestNG_FW.GroupingTest"/>
  <testcase name="towhidAl" time="0.003" classname="TestNG_FW.GroupingTest"/>
  <testcase name="towhidAl2" time="0.003" classname="TestNG_FW.GroupingTest"/>
  <testcase name="towhidAlom" time="0.002" classname="TestNG_FW.GroupingTest"/>
  <testcase name="towhidAlom1" time="0.002" classname="TestNG_FW.GroupingTest"/>
  <testcase name="login" time="0.003" classname="TestNG_FW.Grrr"/>
  <testcase name="login2" time="0.005" classname="TestNG_FW.Grrr"/>
  <testcase name="logingmail" time="0.001" classname="TestNG_FW.Grrr"/>
  <testcase name="logingmail3" time="0.002" classname="TestNG_FW.Grrr"/>
  <testcase name="signhotmail" time="0.003" classname="TestNG_FW.Grrr"/>
  <testcase name="signhotmail1" time="0.005" classname="TestNG_FW.Grrr"/>
  <testcase name="loginFB" time="5.002" classname="TestNG_FW.rajibAlom"/>
  <testcase name="loginFB" time="5.001" classname="TestNG_FW.rajibAlom"/>
  <testcase name="loginFB" time="5.002" classname="TestNG_FW.rajibAlom"/>
  <testcase name="loginFB" time="5.002" classname="TestNG_FW.rajibAlom"/>
  <testcase name="loginFB" time="5.002" classname="TestNG_FW.rajibAlom"/>
  <testcase name="loginGmail" time="0.003" classname="TestNG_FW.rajibAlom"/>
  <testcase name="login" time="0.002" classname="TestNG_FW.TestF1"/>
  <testcase name="login2" time="0.009" classname="TestNG_FW.TestF1"/>
  <testcase name="logingmail" time="0.001" classname="TestNG_FW.TestF1"/>
  <testcase name="signhotmail" time="0.002" classname="TestNG_FW.TestF1"/>
  <testcase name="signhotmail" time="0.001" classname="TestNG_FW.TestF1"/>
  <testcase name="signhotmail" time="0.001" classname="TestNG_FW.TestF1"/>
  <testcase name="signhotmail" time="0.005" classname="TestNG_FW.TestF1"/>
  <testcase name="signhotmail" time="0.001" classname="TestNG_FW.TestF1"/>
  <testcase name="signhotmail" time="0.001" classname="TestNG_FW.TestF1"/>
  <testcase name="signhotmail" time="0.001" classname="TestNG_FW.TestF1"/>
  <testcase name="signhotmail" time="0.002" classname="TestNG_FW.TestF1"/>
  <testcase name="signhotmail" time="0.004" classname="TestNG_FW.TestF1"/>
  <testcase name="signhotmail" time="0.006" classname="TestNG_FW.TestF1"/>
  <testcase name="signhotmail1" time="0.002" classname="TestNG_FW.TestF1"/>
  <testcase name="signhotmail1" time="0.001" classname="TestNG_FW.TestF1"/>
  <testcase name="signhotmail1" time="0.001" classname="TestNG_FW.TestF1"/>
  <testcase name="signhotmail1" time="0.005" classname="TestNG_FW.TestF1"/>
  <testcase name="signhotmail1" time="0.004" classname="TestNG_FW.TestF1"/>
  <testcase name="signhotmail1" time="0.005" classname="TestNG_FW.TestF1"/>
  <testcase name="signhotmail1" time="0.005" classname="TestNG_FW.TestF1"/>
  <testcase name="signhotmail1" time="0.002" classname="TestNG_FW.TestF1"/>
  <testcase name="signhotmail1" time="0.003" classname="TestNG_FW.TestF1"/>
  <testcase name="signhotmail1" time="0.003" classname="TestNG_FW.TestF1"/>
  <testcase name="login" time="0.0" classname="TestNG_FW.rajibAlom">
    <ignored/>
  </testcase> <!-- login -->
  <testcase name="windo" time="0.0" classname="TestNG_FW.rajibAlom">
    <ignored/>
  </testcase> <!-- windo -->
  <testcase name="logingmail3" time="0.0" classname="TestNG_FW.TestF1">
    <ignored/>
  </testcase> <!-- logingmail3 -->
</testsuite> <!-- all -->
