<?xml version="1.0" encoding="UTF-8"?>
<!-- Generated by org.testng.reporters.JUnitXMLReporter -->
<testsuite hostname="DESKTOP-1B5EHLS" ignored="0" name="ST" tests="6" failures="0" timestamp="2020-09-05T20:16:31 EDT" time="0.144" errors="0">
  <testcase name="dadaMiah" time="0.007" classname="TestNG_FW.GroupingTest"/>
  <testcase name="rajibChow" time="0.007" classname="TestNG_FW.GroupingTest"/>
  <testcase name="towhidAl" time="0.007" classname="TestNG_FW.GroupingTest"/>
  <testcase name="towhidAl2" time="0.002" classname="TestNG_FW.GroupingTest"/>
  <testcase name="towhidAlom" time="0.004" classname="TestNG_FW.GroupingTest"/>
  <testcase name="towhidAlom1" time="0.003" classname="TestNG_FW.GroupingTest"/>
</testsuite> <!-- ST -->
