<?xml version="1.0" encoding="UTF-8"?>
<testng-results skipped="0" failed="0" ignored="0" total="3" passed="3">
  <reporter-output>
  </reporter-output>
  <suite name="Default suite" duration-ms="22796" started-at="2020-10-10T19:24:18 EDT" finished-at="2020-10-10T19:24:40 EDT">
    <groups>
    </groups>
    <test name="Default test" duration-ms="22796" started-at="2020-10-10T19:24:18 EDT" finished-at="2020-10-10T19:24:40 EDT">
      <class name="Using_Array_In_Realtime.UsingTwoDim">
        <test-method status="PASS" signature="log()[pri:0, instance:Using_Array_In_Realtime.UsingTwoDim@49fc609f]" name="log" is-config="true" duration-ms="9726" started-at="2020-10-10T19:24:18 EDT" finished-at="2020-10-10T19:24:27 EDT">
          <reporter-output>
          </reporter-output>
        </test-method> <!-- log -->
        <test-method status="PASS" signature="login(java.lang.String, java.lang.String)[pri:0, instance:Using_Array_In_Realtime.UsingTwoDim@49fc609f]" name="login" duration-ms="4363" started-at="2020-10-10T19:24:27 EDT" data-provider="getData" finished-at="2020-10-10T19:24:32 EDT">
          <params>
            <param index="0">
              <value>
                <![CDATA[asikbhai@yahoo]]>
              </value>
            </param>
            <param index="1">
              <value>
                <![CDATA[34588]]>
              </value>
            </param>
          </params>
          <reporter-output>
          </reporter-output>
        </test-method> <!-- login -->
        <test-method status="PASS" signature="login(java.lang.String, java.lang.String)[pri:0, instance:Using_Array_In_Realtime.UsingTwoDim@49fc609f]" name="login" duration-ms="4318" started-at="2020-10-10T19:24:32 EDT" data-provider="getData" finished-at="2020-10-10T19:24:36 EDT">
          <params>
            <param index="0">
              <value>
                <![CDATA[didar@gmail]]>
              </value>
            </param>
            <param index="1">
              <value>
                <![CDATA[88]]>
              </value>
            </param>
          </params>
          <reporter-output>
          </reporter-output>
        </test-method> <!-- login -->
        <test-method status="PASS" signature="login(java.lang.String, java.lang.String)[pri:0, instance:Using_Array_In_Realtime.UsingTwoDim@49fc609f]" name="login" duration-ms="4292" started-at="2020-10-10T19:24:36 EDT" data-provider="getData" finished-at="2020-10-10T19:24:40 EDT">
          <params>
            <param index="0">
              <value>
                <![CDATA[babul@hotmail.com]]>
              </value>
            </param>
            <param index="1">
              <value>
                <![CDATA[987]]>
              </value>
            </param>
          </params>
          <reporter-output>
          </reporter-output>
        </test-method> <!-- login -->
      </class> <!-- Using_Array_In_Realtime.UsingTwoDim -->
    </test> <!-- Default test -->
  </suite> <!-- Default suite -->
</testng-results>
